This file contains any messages produced by compilers while
running configure, to aid debugging if configure makes a mistake.

It was created by configure, which was
generated by GNU Autoconf 2.57.  Invocation command line was

  $ ./configure 

## --------- ##
## Platform. ##
## --------- ##

hostname = akanksha-linux
uname -m = i686
uname -r = 2.6.18.2-34-default
uname -s = Linux
uname -v = #1 SMP Mon Nov 27 11:46:27 UTC 2006

/usr/bin/uname -p = unknown
/bin/uname -X     = unknown

/bin/arch              = i686
/usr/bin/arch -k       = unknown
/usr/convex/getsysinfo = unknown
hostinfo               = unknown
/bin/machine           = unknown
/usr/bin/oslevel       = unknown
/bin/universe          = unknown

PATH: /home/akanksha/bin
PATH: /usr/local/bin
PATH: /usr/bin
PATH: /usr/X11R6/bin
PATH: /bin
PATH: /usr/games
PATH: /opt/gnome/bin
PATH: /opt/kde3/bin
PATH: /usr/lib/jvm/jre/bin
PATH: /usr/lib/mit/bin
PATH: /usr/lib/mit/sbin
PATH: /usr/lib/qt3/bin


## ----------- ##
## Core tests. ##
## ----------- ##

configure:1317: checking for g++
configure:1333: found /usr/bin/g++
configure:1343: result: g++
configure:1359: checking for C++ compiler version
configure:1362: g++ --version </dev/null >&5
g++ (GCC) 4.1.2 20061115 (prerelease) (SUSE Linux)
Copyright (C) 2006 Free Software Foundation, Inc.
This is free software; see the source for copying conditions.  There is NO
warranty; not even for MERCHANTABILITY or FITNESS FOR A PARTICULAR PURPOSE.

configure:1365: $? = 0
configure:1367: g++ -v </dev/null >&5
Using built-in specs.
Target: i586-suse-linux
Configured with: ../configure --enable-threads=posix --prefix=/usr --with-local-prefix=/usr/local --infodir=/usr/share/info --mandir=/usr/share/man --libdir=/usr/lib --libexecdir=/usr/lib --enable-languages=c,c++,objc,fortran,obj-c++,java,ada --enable-checking=release --with-gxx-include-dir=/usr/include/c++/4.1.2 --enable-ssp --disable-libssp --disable-libgcj --with-slibdir=/lib --with-system-zlib --enable-shared --enable-__cxa_atexit --enable-libstdcxx-allocator=new --program-suffix=-4.1 --enable-version-specific-runtime-libs --without-system-libunwind --with-cpu=generic --host=i586-suse-linux
Thread model: posix
gcc version 4.1.2 20061115 (prerelease) (SUSE Linux)
configure:1370: $? = 0
configure:1372: g++ -V </dev/null >&5
g++: '-V' option must have argument
configure:1375: $? = 1
configure:1399: checking for C++ compiler default output
configure:1402: g++    conftest.cc  >&5
configure:1405: $? = 0
configure:1451: result: a.out
configure:1456: checking whether the C++ compiler works
configure:1462: ./a.out
configure:1465: $? = 0
configure:1482: result: yes
configure:1489: checking whether we are cross compiling
configure:1491: result: no
configure:1494: checking for suffix of executables
configure:1496: g++ -o conftest    conftest.cc  >&5
configure:1499: $? = 0
configure:1524: result: 
configure:1530: checking for suffix of object files
configure:1552: g++ -c   conftest.cc >&5
configure:1555: $? = 0
configure:1577: result: o
configure:1581: checking whether we are using the GNU C++ compiler
configure:1606: g++ -c   conftest.cc >&5
configure:1609: $? = 0
configure:1612: test -s conftest.o
configure:1615: $? = 0
configure:1628: result: yes
configure:1634: checking whether g++ accepts -g
configure:1656: g++ -c -g  conftest.cc >&5
configure:1659: $? = 0
configure:1662: test -s conftest.o
configure:1665: $? = 0
configure:1676: result: yes
configure:1720: g++ -c -g -O2  conftest.cc >&5
configure:1723: $? = 0
configure:1726: test -s conftest.o
configure:1729: $? = 0
configure:1756: g++ -c -g -O2  conftest.cc >&5
configure: In function 'int main()':
configure:1751: error: 'exit' was not declared in this scope
configure:1759: $? = 1
configure: failed program was:
| #line 1739 "configure"
| /* confdefs.h.  */
| 
| #define PACKAGE_NAME ""
| #define PACKAGE_TARNAME ""
| #define PACKAGE_VERSION ""
| #define PACKAGE_STRING ""
| #define PACKAGE_BUGREPORT ""
| /* end confdefs.h.  */
| 
| int
| main ()
| {
| exit (42);
|   ;
|   return 0;
| }
configure:1720: g++ -c -g -O2  conftest.cc >&5
configure:1723: $? = 0
configure:1726: test -s conftest.o
configure:1729: $? = 0
configure:1756: g++ -c -g -O2  conftest.cc >&5
configure:1759: $? = 0
configure:1762: test -s conftest.o
configure:1765: $? = 0
configure:1819: checking for /usr/lib/pwlib/version.h
configure:1834: result: no
configure:1843: checking for /home/akanksha/OhPhoneBuild/openh323/../pwlib/version.h
configure:1858: result: yes
configure:2094: checking for gcc
configure:2110: found /usr/bin/gcc
configure:2120: result: gcc
configure:2364: checking for C compiler version
configure:2367: gcc --version </dev/null >&5
gcc (GCC) 4.1.2 20061115 (prerelease) (SUSE Linux)
Copyright (C) 2006 Free Software Foundation, Inc.
This is free software; see the source for copying conditions.  There is NO
warranty; not even for MERCHANTABILITY or FITNESS FOR A PARTICULAR PURPOSE.

configure:2370: $? = 0
configure:2372: gcc -v </dev/null >&5
Using built-in specs.
Target: i586-suse-linux
Configured with: ../configure --enable-threads=posix --prefix=/usr --with-local-prefix=/usr/local --infodir=/usr/share/info --mandir=/usr/share/man --libdir=/usr/lib --libexecdir=/usr/lib --enable-languages=c,c++,objc,fortran,obj-c++,java,ada --enable-checking=release --with-gxx-include-dir=/usr/include/c++/4.1.2 --enable-ssp --disable-libssp --disable-libgcj --with-slibdir=/lib --with-system-zlib --enable-shared --enable-__cxa_atexit --enable-libstdcxx-allocator=new --program-suffix=-4.1 --enable-version-specific-runtime-libs --without-system-libunwind --with-cpu=generic --host=i586-suse-linux
Thread model: posix
gcc version 4.1.2 20061115 (prerelease) (SUSE Linux)
configure:2375: $? = 0
configure:2377: gcc -V </dev/null >&5
gcc: '-V' option must have argument
configure:2380: $? = 1
configure:2383: checking whether we are using the GNU C compiler
configure:2408: gcc -c   conftest.c >&5
configure:2411: $? = 0
configure:2414: test -s conftest.o
configure:2417: $? = 0
configure:2430: result: yes
configure:2436: checking whether gcc accepts -g
configure:2458: gcc -c -g  conftest.c >&5
configure:2461: $? = 0
configure:2464: test -s conftest.o
configure:2467: $? = 0
configure:2478: result: yes
configure:2495: checking for gcc option to accept ANSI C
configure:2556: gcc  -c -g -O2  conftest.c >&5
configure:2559: $? = 0
configure:2562: test -s conftest.o
configure:2565: $? = 0
configure:2583: result: none needed
configure:2601: gcc -c -g -O2  conftest.c >&5
conftest.c:2: error: expected '=', ',', ';', 'asm' or '__attribute__' before 'me'
configure:2604: $? = 1
configure: failed program was:
| #ifndef __cplusplus
|   choke me
| #endif
configure:2719: checking how to run the C preprocessor
configure:2755: gcc -E  conftest.c
configure:2761: $? = 0
configure:2793: gcc -E  conftest.c
configure:2795:28: error: ac_nonexistent.h: No such file or directory
configure:2799: $? = 1
configure: failed program was:
| #line 2784 "configure"
| /* confdefs.h.  */
| 
| #define PACKAGE_NAME ""
| #define PACKAGE_TARNAME ""
| #define PACKAGE_VERSION ""
| #define PACKAGE_STRING ""
| #define PACKAGE_BUGREPORT ""
| #ifdef __cplusplus
| #include <stdlib.h>
| #endif
| /* end confdefs.h.  */
| #include <ac_nonexistent.h>
configure:2837: result: gcc -E
configure:2862: gcc -E  conftest.c
configure:2868: $? = 0
configure:2900: gcc -E  conftest.c
configure:2902:28: error: ac_nonexistent.h: No such file or directory
configure:2906: $? = 1
configure: failed program was:
| #line 2891 "configure"
| /* confdefs.h.  */
| 
| #define PACKAGE_NAME ""
| #define PACKAGE_TARNAME ""
| #define PACKAGE_VERSION ""
| #define PACKAGE_STRING ""
| #define PACKAGE_BUGREPORT ""
| #ifdef __cplusplus
| #include <stdlib.h>
| #endif
| /* end confdefs.h.  */
| #include <ac_nonexistent.h>
configure:2949: checking for egrep
configure:2959: result: grep -E
configure:2964: checking for ANSI C header files
configure:2990: gcc -c -g -O2  conftest.c >&5
configure:2993: $? = 0
configure:2996: test -s conftest.o
configure:2999: $? = 0
configure:3091: gcc -o conftest -g -O2   conftest.c  >&5
configure: In function 'main':
configure:3087: warning: incompatible implicit declaration of built-in function 'exit'
configure:3094: $? = 0
configure:3096: ./conftest
configure:3099: $? = 0
configure:3114: result: yes
configure:3138: checking for sys/types.h
configure:3155: gcc -c -g -O2  conftest.c >&5
configure:3158: $? = 0
configure:3161: test -s conftest.o
configure:3164: $? = 0
configure:3175: result: yes
configure:3138: checking for sys/stat.h
configure:3155: gcc -c -g -O2  conftest.c >&5
configure:3158: $? = 0
configure:3161: test -s conftest.o
configure:3164: $? = 0
configure:3175: result: yes
configure:3138: checking for stdlib.h
configure:3155: gcc -c -g -O2  conftest.c >&5
configure:3158: $? = 0
configure:3161: test -s conftest.o
configure:3164: $? = 0
configure:3175: result: yes
configure:3138: checking for string.h
configure:3155: gcc -c -g -O2  conftest.c >&5
configure:3158: $? = 0
configure:3161: test -s conftest.o
configure:3164: $? = 0
configure:3175: result: yes
configure:3138: checking for memory.h
configure:3155: gcc -c -g -O2  conftest.c >&5
configure:3158: $? = 0
configure:3161: test -s conftest.o
configure:3164: $? = 0
configure:3175: result: yes
configure:3138: checking for strings.h
configure:3155: gcc -c -g -O2  conftest.c >&5
configure:3158: $? = 0
configure:3161: test -s conftest.o
configure:3164: $? = 0
configure:3175: result: yes
configure:3138: checking for inttypes.h
configure:3155: gcc -c -g -O2  conftest.c >&5
configure:3158: $? = 0
configure:3161: test -s conftest.o
configure:3164: $? = 0
configure:3175: result: yes
configure:3138: checking for stdint.h
configure:3155: gcc -c -g -O2  conftest.c >&5
configure:3158: $? = 0
configure:3161: test -s conftest.o
configure:3164: $? = 0
configure:3175: result: yes
configure:3138: checking for unistd.h
configure:3155: gcc -c -g -O2  conftest.c >&5
configure:3158: $? = 0
configure:3161: test -s conftest.o
configure:3164: $? = 0
configure:3175: result: yes
configure:3201: checking avcodec.h usability
configure:3214: gcc -c -g -O2  conftest.c >&5
configure:3258:21: error: avcodec.h: No such file or directory
configure:3217: $? = 1
configure: failed program was:
| #line 3203 "configure"
| /* confdefs.h.  */
| 
| #define PACKAGE_NAME ""
| #define PACKAGE_TARNAME ""
| #define PACKAGE_VERSION ""
| #define PACKAGE_STRING ""
| #define PACKAGE_BUGREPORT ""
| #ifdef __cplusplus
| #include <stdlib.h>
| #endif
| #define STDC_HEADERS 1
| #define HAVE_SYS_TYPES_H 1
| #define HAVE_SYS_STAT_H 1
| #define HAVE_STDLIB_H 1
| #define HAVE_STRING_H 1
| #define HAVE_MEMORY_H 1
| #define HAVE_STRINGS_H 1
| #define HAVE_INTTYPES_H 1
| #define HAVE_STDINT_H 1
| #define HAVE_UNISTD_H 1
| /* end confdefs.h.  */
| #include <stdio.h>
| #if HAVE_SYS_TYPES_H
| # include <sys/types.h>
| #endif
| #if HAVE_SYS_STAT_H
| # include <sys/stat.h>
| #endif
| #if STDC_HEADERS
| # include <stdlib.h>
| # include <stddef.h>
| #else
| # if HAVE_STDLIB_H
| #  include <stdlib.h>
| # endif
| #endif
| #if HAVE_STRING_H
| # if !STDC_HEADERS && HAVE_MEMORY_H
| #  include <memory.h>
| # endif
| # include <string.h>
| #endif
| #if HAVE_STRINGS_H
| # include <strings.h>
| #endif
| #if HAVE_INTTYPES_H
| # include <inttypes.h>
| #else
| # if HAVE_STDINT_H
| #  include <stdint.h>
| # endif
| #endif
| #if HAVE_UNISTD_H
| # include <unistd.h>
| #endif
| #include <avcodec.h>
configure:3233: result: no
configure:3237: checking avcodec.h presence
configure:3248: gcc -E  conftest.c
configure:3260:21: error: avcodec.h: No such file or directory
configure:3254: $? = 1
configure: failed program was:
| #line 3239 "configure"
| /* confdefs.h.  */
| 
| #define PACKAGE_NAME ""
| #define PACKAGE_TARNAME ""
| #define PACKAGE_VERSION ""
| #define PACKAGE_STRING ""
| #define PACKAGE_BUGREPORT ""
| #ifdef __cplusplus
| #include <stdlib.h>
| #endif
| #define STDC_HEADERS 1
| #define HAVE_SYS_TYPES_H 1
| #define HAVE_SYS_STAT_H 1
| #define HAVE_STDLIB_H 1
| #define HAVE_STRING_H 1
| #define HAVE_MEMORY_H 1
| #define HAVE_STRINGS_H 1
| #define HAVE_INTTYPES_H 1
| #define HAVE_STDINT_H 1
| #define HAVE_UNISTD_H 1
| /* end confdefs.h.  */
| #include <avcodec.h>
configure:3273: result: no
configure:3309: checking for avcodec.h
configure:3316: result: no
configure:3450: checking encoder-h263.h usability
configure:3463: gcc -c -g -O2  conftest.c >&5
configure:3507:26: error: encoder-h263.h: No such file or directory
configure:3466: $? = 1
configure: failed program was:
| #line 3452 "configure"
| /* confdefs.h.  */
| 
| #define PACKAGE_NAME ""
| #define PACKAGE_TARNAME ""
| #define PACKAGE_VERSION ""
| #define PACKAGE_STRING ""
| #define PACKAGE_BUGREPORT ""
| #ifdef __cplusplus
| #include <stdlib.h>
| #endif
| #define STDC_HEADERS 1
| #define HAVE_SYS_TYPES_H 1
| #define HAVE_SYS_STAT_H 1
| #define HAVE_STDLIB_H 1
| #define HAVE_STRING_H 1
| #define HAVE_MEMORY_H 1
| #define HAVE_STRINGS_H 1
| #define HAVE_INTTYPES_H 1
| #define HAVE_STDINT_H 1
| #define HAVE_UNISTD_H 1
| /* end confdefs.h.  */
| #include <stdio.h>
| #if HAVE_SYS_TYPES_H
| # include <sys/types.h>
| #endif
| #if HAVE_SYS_STAT_H
| # include <sys/stat.h>
| #endif
| #if STDC_HEADERS
| # include <stdlib.h>
| # include <stddef.h>
| #else
| # if HAVE_STDLIB_H
| #  include <stdlib.h>
| # endif
| #endif
| #if HAVE_STRING_H
| # if !STDC_HEADERS && HAVE_MEMORY_H
| #  include <memory.h>
| # endif
| # include <string.h>
| #endif
| #if HAVE_STRINGS_H
| # include <strings.h>
| #endif
| #if HAVE_INTTYPES_H
| # include <inttypes.h>
| #else
| # if HAVE_STDINT_H
| #  include <stdint.h>
| # endif
| #endif
| #if HAVE_UNISTD_H
| # include <unistd.h>
| #endif
| #include <encoder-h263.h>
configure:3482: result: no
configure:3486: checking encoder-h263.h presence
configure:3497: gcc -E  conftest.c
configure:3509:26: error: encoder-h263.h: No such file or directory
configure:3503: $? = 1
configure: failed program was:
| #line 3488 "configure"
| /* confdefs.h.  */
| 
| #define PACKAGE_NAME ""
| #define PACKAGE_TARNAME ""
| #define PACKAGE_VERSION ""
| #define PACKAGE_STRING ""
| #define PACKAGE_BUGREPORT ""
| #ifdef __cplusplus
| #include <stdlib.h>
| #endif
| #define STDC_HEADERS 1
| #define HAVE_SYS_TYPES_H 1
| #define HAVE_SYS_STAT_H 1
| #define HAVE_STDLIB_H 1
| #define HAVE_STRING_H 1
| #define HAVE_MEMORY_H 1
| #define HAVE_STRINGS_H 1
| #define HAVE_INTTYPES_H 1
| #define HAVE_STDINT_H 1
| #define HAVE_UNISTD_H 1
| /* end confdefs.h.  */
| #include <encoder-h263.h>
configure:3522: result: no
configure:3558: checking for encoder-h263.h
configure:3565: result: no
configure:3762: creating ./config.status

## ---------------------- ##
## Running config.status. ##
## ---------------------- ##

This file was extended by config.status, which was
generated by GNU Autoconf 2.57.  Invocation command line was

  CONFIG_FILES    = 
  CONFIG_HEADERS  = 
  CONFIG_LINKS    = 
  CONFIG_COMMANDS = 
  $ ./config.status 

on akanksha-linux

config.status:621: creating openh323u.mak
config.status:621: creating Makefile
config.status:724: creating include/openh323buildopts.h
config.status:825: include/openh323buildopts.h is unchanged

## ---------------- ##
## Cache variables. ##
## ---------------- ##

ac_cv_c_compiler_gnu=yes
ac_cv_cxx_compiler_gnu=yes
ac_cv_env_CC_set=
ac_cv_env_CC_value=
ac_cv_env_CFLAGS_set=
ac_cv_env_CFLAGS_value=
ac_cv_env_CPPFLAGS_set=
ac_cv_env_CPPFLAGS_value=
ac_cv_env_CPP_set=
ac_cv_env_CPP_value=
ac_cv_env_CXXFLAGS_set=
ac_cv_env_CXXFLAGS_value=
ac_cv_env_CXX_set=
ac_cv_env_CXX_value=
ac_cv_env_LDFLAGS_set=
ac_cv_env_LDFLAGS_value=
ac_cv_env_build_alias_set=
ac_cv_env_build_alias_value=
ac_cv_env_host_alias_set=
ac_cv_env_host_alias_value=
ac_cv_env_target_alias_set=
ac_cv_env_target_alias_value=
ac_cv_exeext=
ac_cv_file__home_akanksha_OhPhoneBuild_openh323____pwlib_version_h=yes
ac_cv_file__usr_lib_pwlib_version_h=no
ac_cv_header_avcodec_h=no
ac_cv_header_encoder_h263_h=no
ac_cv_header_inttypes_h=yes
ac_cv_header_memory_h=yes
ac_cv_header_stdc=yes
ac_cv_header_stdint_h=yes
ac_cv_header_stdlib_h=yes
ac_cv_header_string_h=yes
ac_cv_header_strings_h=yes
ac_cv_header_sys_stat_h=yes
ac_cv_header_sys_types_h=yes
ac_cv_header_unistd_h=yes
ac_cv_objext=o
ac_cv_prog_CPP='gcc -E'
ac_cv_prog_ac_ct_CC=gcc
ac_cv_prog_ac_ct_CXX=g++
ac_cv_prog_cc_g=yes
ac_cv_prog_cc_stdc=
ac_cv_prog_cxx_g=yes
ac_cv_prog_egrep='grep -E'

## ----------------- ##
## Output variables. ##
## ----------------- ##

CC='gcc'
CFLAGS='-g -O2'
CPP='gcc -E'
CPPFLAGS=''
CXX='g++'
CXXFLAGS='-g -O2'
DEFS='-DHAVE_CONFIG_H'
ECHO_C=''
ECHO_N='-n'
ECHO_T=''
EGREP='grep -E'
ENDLDLIBS=''
EXEEXT=''
H323_AVCODEC=''
H323_VICH263=''
INSTALLPREFIX='/usr/local'
LDFLAGS=''
LIBDIR='${exec_prefix}/lib'
LIBOBJS=''
LIBS=''
LTLIBOBJS=''
OBJEXT='o'
OPENH323DIR='/home/akanksha/OhPhoneBuild/openh323'
OPENH323_VERSION='1.12.2'
PACKAGE_BUGREPORT=''
PACKAGE_NAME=''
PACKAGE_STRING=''
PACKAGE_TARNAME=''
PACKAGE_VERSION=''
PATH_SEPARATOR=':'
PTLIB_CONFIG=''
PWLIBDIR='/home/akanksha/OhPhoneBuild/openh323/../pwlib'
SHELL='/bin/sh'
STDCCFLAGS=''
ac_ct_CC='gcc'
ac_ct_CXX='g++'
bindir='${exec_prefix}/bin'
build_alias=''
datadir='${prefix}/share'
exec_prefix='${prefix}'
host_alias=''
includedir='${prefix}/include'
infodir='${prefix}/info'
libdir='${exec_prefix}/lib'
libexecdir='${exec_prefix}/libexec'
localstatedir='${prefix}/var'
mandir='${prefix}/man'
oldincludedir='/usr/include'
prefix='/usr/local'
program_transform_name='s,x,x,'
sbindir='${exec_prefix}/sbin'
sharedstatedir='${prefix}/com'
sysconfdir='${prefix}/etc'
target_alias=''

## ----------- ##
## confdefs.h. ##
## ----------- ##

#define HAVE_INTTYPES_H 1
#define HAVE_MEMORY_H 1
#define HAVE_STDINT_H 1
#define HAVE_STDLIB_H 1
#define HAVE_STRINGS_H 1
#define HAVE_STRING_H 1
#define HAVE_SYS_STAT_H 1
#define HAVE_SYS_TYPES_H 1
#define HAVE_UNISTD_H 1
#define PACKAGE_BUGREPORT ""
#define PACKAGE_NAME ""
#define PACKAGE_STRING ""
#define PACKAGE_TARNAME ""
#define PACKAGE_VERSION ""
#define STDC_HEADERS 1
#endif
#ifdef __cplusplus
#include <stdlib.h>

configure: exit 0
